<?xml version="1.0" encoding="UTF-8"?>
<testsuite errors="0" failures="1" name="modelo.modelo_tests.TestMonolitico-20160213174834" tests="5" time="0.293">
	<testcase classname="modelo.modelo_tests.TestMonolitico" name="test3_find" time="0.012"/>
	<testcase classname="modelo.modelo_tests.TestMonolitico" name="test4_dlt" time="0.048"/>
	<testcase classname="modelo.modelo_tests.TestMonolitico" name="test5_notfind" time="0.009"/>
	<testcase classname="modelo.modelo_tests.TestMonolitico" name="test6_repr" time="0.001"/>
	<testcase classname="modelo.modelo_tests.TestMonolitico" name="test1_save_try" time="0.224">
		<failure message="'El Articulo se inserto correctamente.' == 'El Articulo se inserto correctamente.'" type="AssertionError">
<![CDATA[Traceback (most recent call last):
  File "/home/sebastian/proyectos/SiGeSt/src/unittest/python/modelo/modelo_tests.py", line 22, in test1_save_try
    self.assertNotEqual(exception, expected)
AssertionError: 'El Articulo se inserto correctamente.' == 'El Articulo se inserto correctamente.'
]]>		</failure>
	</testcase>
	<system-out>
<![CDATA[]]>	</system-out>
	<system-err>
<![CDATA[]]>	</system-err>
</testsuite>
