<?xml version="1.0" encoding="UTF-8"?>
<testsuite errors="1" failures="1" name="modelo.modelo_tests.TestArticulo-20160214172753" tests="8" time="0.185">
	<testcase classname="modelo.modelo_tests.TestArticulo" name="test1_save_try" time="0.034"/>
	<testcase classname="modelo.modelo_tests.TestArticulo" name="test2_save_except" time="0.010"/>
	<testcase classname="modelo.modelo_tests.TestArticulo" name="test3_notfind" time="0.023"/>
	<testcase classname="modelo.modelo_tests.TestArticulo" name="test4_dlt" time="0.030"/>
	<testcase classname="modelo.modelo_tests.TestArticulo" name="test4_dlt_except" time="0.002"/>
	<testcase classname="modelo.modelo_tests.TestArticulo" name="test5_repr" time="0.001"/>
	<testcase classname="modelo.modelo_tests.TestArticulo" name="test0_find_mock" time="0.084">
		<failure message="'El Articulo se inserto correctamente.' != &lt;MagicMock name='mock.save()' id='3050121644'&gt;" type="AssertionError">
<![CDATA[Traceback (most recent call last):
  File "/home/sebastian/proyectos/SiGeSt/src/unittest/python/modelo/modelo_tests.py", line 22, in test0_find_mock
    self.assertEqual(expect, result)
AssertionError: 'El Articulo se inserto correctamente.' != <MagicMock name='mock.save()' id='3050121644'>
]]>		</failure>
	</testcase>
	<testcase classname="modelo.modelo_tests.TestArticulo" name="test3_find" time="0.001">
		<error message="name 'expected' is not defined" type="NameError">
<![CDATA[Traceback (most recent call last):
  File "/home/sebastian/proyectos/SiGeSt/src/unittest/python/modelo/modelo_tests.py", line 35, in test3_find
    expected.id = 'n'
NameError: name 'expected' is not defined
]]>		</error>
	</testcase>
	<system-out>
<![CDATA[]]>	</system-out>
	<system-err>
<![CDATA[]]>	</system-err>
</testsuite>
