<?xml version="1.0" encoding="UTF-8"?>
<testsuite errors="1" failures="0" name="modelo.modelo_tests.TestMonolitico-20160213170325" tests="6" time="0.094">
	<testcase classname="modelo.modelo_tests.TestMonolitico" name="test1_save_try" time="0.038"/>
	<testcase classname="modelo.modelo_tests.TestMonolitico" name="test3_find" time="0.011"/>
	<testcase classname="modelo.modelo_tests.TestMonolitico" name="test4_dlt" time="0.030"/>
	<testcase classname="modelo.modelo_tests.TestMonolitico" name="test5_notfind" time="0.013"/>
	<testcase classname="modelo.modelo_tests.TestMonolitico" name="test6_repr" time="0.001"/>
	<testcase classname="modelo.modelo_tests.TestMonolitico" name="test2_save_try" time="0.003">
		<error message="name 'out' is not defined" type="NameError">
<![CDATA[Traceback (most recent call last):
  File "/home/sebastian/proyectos/SiGeSt/src/unittest/python/modelo/modelo_tests.py", line 49, in test2_save_try
    out.sys.stdout = 'Ejecutando test 2'
NameError: name 'out' is not defined

Stdout:
Ejecutando test 2
]]>		</error>
	</testcase>
	<system-out>
<![CDATA[Ejecutando test 1
Ejecutando test 1.Ejecutando test 2
Ejecutando test 4
Ejecutando test 5
Ejecutando test 6
Ejecutando test 2
]]>	</system-out>
	<system-err>
<![CDATA[]]>	</system-err>
</testsuite>
