<?xml version="1.0" encoding="UTF-8"?>
<testsuite errors="1" failures="0" name="unittest.loader._FailedTest-20160214172653" tests="1" time="0.001">
	<testcase classname="unittest.loader._FailedTest" name="modelo_tests" time="0.001">
		<error message="Failed to import test module: modelo_tests
Traceback (most recent call last):
  File &quot;/usr/lib/python3.5/unittest/loader.py&quot;, line 153, in loadTestsFromName
    module = __import__(module_name)
  File &quot;/home/sebastian/proyectos/SiGeSt/src/unittest/python/modelo/modelo_tests.py&quot;, line 3, in &lt;module&gt;
    import mock
ImportError: No module named 'mock'
" type="ImportError">
<![CDATA[ImportError: Failed to import test module: modelo_tests
Traceback (most recent call last):
  File "/usr/lib/python3.5/unittest/loader.py", line 153, in loadTestsFromName
    module = __import__(module_name)
  File "/home/sebastian/proyectos/SiGeSt/src/unittest/python/modelo/modelo_tests.py", line 3, in <module>
    import mock
ImportError: No module named 'mock'

]]>		</error>
	</testcase>
	<system-out>
<![CDATA[]]>	</system-out>
	<system-err>
<![CDATA[]]>	</system-err>
</testsuite>
