<?xml version="1.0" encoding="UTF-8"?>
<testsuite errors="1" failures="0" name="modelo.modelo_tests.TestFindMethods-20160209185226" tests="3" time="0.169">
	<testcase classname="modelo.modelo_tests.TestFindMethods" name="testfind" time="0.022"/>
	<testcase classname="modelo.modelo_tests.TestFindMethods" name="testsave" time="0.129"/>
	<testcase classname="modelo.modelo_tests.TestFindMethods" name="testrepr" time="0.018">
		<error message="'TestFindMethods' object has no attribute 'result'" type="AttributeError">
<![CDATA[Traceback (most recent call last):
  File "/home/sebastian/proyectos/SiGeSt/src/unittest/python/modelo/modelo_tests.py", line 29, in testrepr
    self.assertEqual(repr(self.result),'Articulo(%r, %r)'
AttributeError: 'TestFindMethods' object has no attribute 'result'

Stdout:
Error en Select.
]]>		</error>
	</testcase>
	<system-out>
<![CDATA[Error en Select.
No se encontro
Error en Select.
El Articulo se elimino correctamente.
Error en Select.
]]>	</system-out>
	<system-err>
<![CDATA[]]>	</system-err>
</testsuite>
