<?xml version="1.0" encoding="UTF-8"?>
<testsuite errors="0" failures="1" name="modelo.modelo_tests.TestFindMethods-20160209235515" tests="1" time="0.058">
	<testcase classname="modelo.modelo_tests.TestFindMethods" name="testcompleto" time="0.058">
		<failure message="'El Articulo se inserto correctamente.' != 'El articulo se inserto correctamente.'
- El Articulo se inserto correctamente.
?    ^
+ El articulo se inserto correctamente.
?    ^
" type="AssertionError">
<![CDATA[Traceback (most recent call last):
  File "/home/sebastian/proyectos/SiGeSt/src/unittest/python/modelo/modelo_tests.py", line 41, in testcompleto
    'El articulo se inserto correctamente.')
AssertionError: 'El Articulo se inserto correctamente.' != 'El articulo se inserto correctamente.'
- El Articulo se inserto correctamente.
?    ^
+ El articulo se inserto correctamente.
?    ^

]]>		</failure>
	</testcase>
	<system-out>
<![CDATA[]]>	</system-out>
	<system-err>
<![CDATA[]]>	</system-err>
</testsuite>
