<?xml version="1.0" encoding="UTF-8"?>
<testsuite errors="0" failures="1" name="modelo.modelo_tests.TestDeposito-20160214112243" tests="7" time="0.104">
	<testcase classname="modelo.modelo_tests.TestDeposito" name="test1_save_try" time="0.030"/>
	<testcase classname="modelo.modelo_tests.TestDeposito" name="test2_save_except" time="0.007"/>
	<testcase classname="modelo.modelo_tests.TestDeposito" name="test3_find" time="0.014"/>
	<testcase classname="modelo.modelo_tests.TestDeposito" name="test3_notfind" time="0.009"/>
	<testcase classname="modelo.modelo_tests.TestDeposito" name="test4_dlt" time="0.036"/>
	<testcase classname="modelo.modelo_tests.TestDeposito" name="test5_repr" time="0.001"/>
	<testcase classname="modelo.modelo_tests.TestDeposito" name="test4_dlt_except" time="0.006">
		<failure message="'Error eliminando el Deposito.' != 'Error eliminando.'
- Error eliminando el Deposito.
?                 ------------
+ Error eliminando.
" type="AssertionError">
<![CDATA[Traceback (most recent call last):
  File "/home/sebastian/proyectos/SiGeSt/src/unittest/python/modelo/modelo_tests.py", line 97, in test4_dlt_except
    self.assertEqual(result,expected)
AssertionError: 'Error eliminando el Deposito.' != 'Error eliminando.'
- Error eliminando el Deposito.
?                 ------------
+ Error eliminando.

]]>		</failure>
	</testcase>
	<system-out>
<![CDATA[]]>	</system-out>
	<system-err>
<![CDATA[]]>	</system-err>
</testsuite>
