<?xml version="1.0" encoding="UTF-8"?>
<testsuite errors="0" failures="1" name="modelo.modelo_tests.TestMonolitico-20160213164445" tests="6" time="0.126">
	<testcase classname="modelo.modelo_tests.TestMonolitico" name="test1_save_try" time="0.002"/>
	<testcase classname="modelo.modelo_tests.TestMonolitico" name="test2_find" time="0.009"/>
	<testcase classname="modelo.modelo_tests.TestMonolitico" name="test3_dlt" time="0.039"/>
	<testcase classname="modelo.modelo_tests.TestMonolitico" name="test4_notfind" time="0.009"/>
	<testcase classname="modelo.modelo_tests.TestMonolitico" name="testrepr" time="0.001"/>
	<testcase classname="modelo.modelo_tests.TestMonolitico" name="test1_save_except" time="0.067">
		<failure message="'Hubo un error en la insercion.' != 'El Articulo se inserto correctamente.'
- Hubo un error en la insercion.
+ El Articulo se inserto correctamente.
" type="AssertionError">
<![CDATA[Traceback (most recent call last):
  File "/home/sebastian/proyectos/SiGeSt/src/unittest/python/modelo/modelo_tests.py", line 25, in test1_save_except
    self.assertEqual(expected, result)
AssertionError: 'Hubo un error en la insercion.' != 'El Articulo se inserto correctamente.'
- Hubo un error en la insercion.
+ El Articulo se inserto correctamente.

]]>		</failure>
	</testcase>
	<system-out>
<![CDATA[]]>	</system-out>
	<system-err>
<![CDATA[]]>	</system-err>
</testsuite>
