<?xml version="1.0" encoding="UTF-8"?>
<testsuite errors="0" failures="1" name="modelo.modelo_tests.TestDeposito-20160213195211" tests="3" time="0.046">
	<testcase classname="modelo.modelo_tests.TestDeposito" name="test1_save_try" time="0.021"/>
	<testcase classname="modelo.modelo_tests.TestDeposito" name="test2_save_except" time="0.007"/>
	<testcase classname="modelo.modelo_tests.TestDeposito" name="test3_find" time="0.018">
		<failure message="Deposito('descrip deposito') != Deposito('descrip deposito')" type="AssertionError">
<![CDATA[Traceback (most recent call last):
  File "/home/sebastian/proyectos/SiGeSt/src/unittest/python/modelo/modelo_tests.py", line 84, in test3_find
    self.assertEqual(result, expected)
AssertionError: Deposito('descrip deposito') != Deposito('descrip deposito')
]]>		</failure>
	</testcase>
	<system-out>
<![CDATA[]]>	</system-out>
	<system-err>
<![CDATA[]]>	</system-err>
</testsuite>
