<?xml version="1.0" encoding="UTF-8"?>
<testsuite errors="3" failures="0" name="modelo.modelo_tests.TestFindMethods-20160209215525" tests="5" time="0.024">
	<testcase classname="modelo.modelo_tests.TestFindMethods" name="testnotfind" time="0.011"/>
	<testcase classname="modelo.modelo_tests.TestFindMethods" name="testrepr" time="0.001"/>
	<testcase classname="modelo.modelo_tests.TestFindMethods" name="testdlt" time="0.005">
		<error message="Can't convert 'Articulo' object to str implicitly" type="TypeError">
<![CDATA[Traceback (most recent call last):
  File "/home/sebastian/proyectos/SiGeSt/src/unittest/python/modelo/modelo_tests.py", line 40, in testdlt
    self.artMock.save()
  File "/home/sebastian/proyectos/SiGeSt/src/main/python/modelo/modelo.py", line 42, in save
    print("Intentando salvar " + self)
TypeError: Can't convert 'Articulo' object to str implicitly
]]>		</error>
	</testcase>
	<testcase classname="modelo.modelo_tests.TestFindMethods" name="testfind" time="0.004">
		<error message="Can't convert 'Articulo' object to str implicitly" type="TypeError">
<![CDATA[Traceback (most recent call last):
  File "/home/sebastian/proyectos/SiGeSt/src/unittest/python/modelo/modelo_tests.py", line 33, in testfind
    self.artMock.save()
  File "/home/sebastian/proyectos/SiGeSt/src/main/python/modelo/modelo.py", line 42, in save
    print("Intentando salvar " + self)
TypeError: Can't convert 'Articulo' object to str implicitly
]]>		</error>
	</testcase>
	<testcase classname="modelo.modelo_tests.TestFindMethods" name="testsave" time="0.004">
		<error message="Can't convert 'Articulo' object to str implicitly" type="TypeError">
<![CDATA[Traceback (most recent call last):
  File "/home/sebastian/proyectos/SiGeSt/src/unittest/python/modelo/modelo_tests.py", line 18, in testsave
    self.assertEqual(self.artMock.save(),
  File "/home/sebastian/proyectos/SiGeSt/src/main/python/modelo/modelo.py", line 42, in save
    print("Intentando salvar " + self)
TypeError: Can't convert 'Articulo' object to str implicitly
]]>		</error>
	</testcase>
	<system-out>
<![CDATA[]]>	</system-out>
	<system-err>
<![CDATA[]]>	</system-err>
</testsuite>
